<?xml version="1.0" encoding="UTF-8" ?>
<testsuite errors="0" failures="0" hostname="Lance-Gleasons-MacBook-Pro-2.local" name="LexerTest" tests="1" time="0.171" timestamp="2012-09-19T05:58:41">
  <properties>
    <property name="java.vendor" value="Apple Inc." />
    <property name="lib.dir" value="lib" />
    <property name="compiler.debug" value="on" />
    <property name="project.jdk.classpath" value="jdk.classpath.1.6" />
    <property name="sun.java.launcher" value="SUN_STANDARD" />
    <property name="jikes.class.path" value=":/System/Library/Java/JavaVirtualMachines/1.6.0.jdk/Contents/Home/../Classes/alt-rt.jar:/System/Library/Java/JavaVirtualMachines/1.6.0.jdk/Contents/Home/../Classes/alt-string.jar:/System/Library/Java/JavaVirtualMachines/1.6.0.jdk/Contents/Home/../Classes/charsets.jar:/System/Library/Java/JavaVirtualMachines/1.6.0.jdk/Contents/Home/../Classes/classes.jar:/System/Library/Java/JavaVirtualMachines/1.6.0.jdk/Contents/Home/../Classes/dt.jar:/System/Library/Java/JavaVirtualMachines/1.6.0.jdk/Contents/Home/../Classes/jce.jar:/System/Library/Java/JavaVirtualMachines/1.6.0.jdk/Contents/Home/../Classes/jconsole.jar:/System/Library/Java/JavaVirtualMachines/1.6.0.jdk/Contents/Home/../Classes/jsse.jar:/System/Library/Java/JavaVirtualMachines/1.6.0.jdk/Contents/Home/../Classes/management-agent.jar:/System/Library/Java/JavaVirtualMachines/1.6.0.jdk/Contents/Home/../Classes/ui.jar" />
    <property name="sun.management.compiler" value="HotSpot 64-Bit Tiered Compilers" />
    <property name="env.SECURITYSESSIONID" value="186a6" />
    <property name="os.name" value="Mac OS X" />
    <property name="lexer.testoutput.dir" value="/Users/lgleason/IdeaProjects/lexer/target/test-classes" />
    <property name="sun.boot.class.path" value="/System/Library/Java/JavaVirtualMachines/1.6.0.jdk/Contents/Classes/jsfd.jar:/System/Library/Java/JavaVirtualMachines/1.6.0.jdk/Contents/Classes/classes.jar:/System/Library/Frameworks/JavaVM.framework/Frameworks/JavaRuntimeSupport.framework/Resources/Java/JavaRuntimeSupport.jar:/System/Library/Java/JavaVirtualMachines/1.6.0.jdk/Contents/Classes/ui.jar:/System/Library/Java/JavaVirtualMachines/1.6.0.jdk/Contents/Classes/laf.jar:/System/Library/Java/JavaVirtualMachines/1.6.0.jdk/Contents/Classes/sunrsasign.jar:/System/Library/Java/JavaVirtualMachines/1.6.0.jdk/Contents/Classes/jsse.jar:/System/Library/Java/JavaVirtualMachines/1.6.0.jdk/Contents/Classes/jce.jar:/System/Library/Java/JavaVirtualMachines/1.6.0.jdk/Contents/Classes/charsets.jar" />
    <property name="env.TMPDIR" value="/var/folders/gb/wh7g49sd1c54hdbcnz6w_b440000gn/T/" />
    <property name="test.reports.dir" value="output.dir/test/reports" />
    <property name="env.Apple_Ubiquity_Message" value="/tmp/launch-HbzVap/Apple_Ubiquity_Message" />
    <property name="compiler.args" value="" />
    <property name="env.PWD" value="/Users/lgleason/IdeaProjects/lexer" />
    <property name="module.lexer.basedir" value="/Users/lgleason/IdeaProjects/lexer" />
    <property name="env.LANG" value="en_US.UTF-8" />
    <property name="java.vm.specification.vendor" value="Sun Microsystems Inc." />
    <property name="ant.home" value="/usr/share/ant" />
    <property name="java.runtime.version" value="1.6.0_33-b03-424-11M3720" />
    <property name="lexer.output.dir" value="/Users/lgleason/IdeaProjects/lexer/target/classes" />
    <property name="test.build.dir" value="output.dir/test/build" />
    <property name="env.Apple_PubSub_Socket_Render" value="/tmp/launch-gGSylz/Render" />
    <property name="env.DISPLAY" value="/tmp/launch-oEeQv9/org.x:0" />
    <property name="env.rvm_version" value="1.15.8 (stable)" />
    <property name="path.variable.maven_repository" value="/Users/lgleason/.m2/repository" />
    <property name="test.groovysrc.dir" value="/Users/lgleason/IdeaProjects/lexer/src/test/groovy" />
    <property name="user.name" value="lgleason" />
    <property name="com.lackey.animal" value="${env.test_input_argument}" />
    <property name="env.USER" value="lgleason" />
    <property name="test.classes.dir" value="output.dir/test/build/classes" />
    <property name="env.SHELL" value="/bin/bash" />
    <property name="env.__CF_USER_TEXT_ENCODING" value="0x1F5:0:0" />
    <property name="module.jdk.bin.lexer" value="/System/Library/Java/JavaVirtualMachines/1.6.0.jdk/Contents/Home/bin" />
    <property name="awt.nativeDoubleBuffering" value="true" />
    <property name="build.dir" value="output.dir/build" />
    <property name="env.PATH" value="/opt/local/bin:/usr/bin:/bin:/usr/sbin:/sbin:/usr/local/bin:/usr/X11/bin:/Users/lgleason/.rvm/bin" />
    <property name="user.language" value="en" />
    <property name="env.rvm_prefix" value="/Users/lgleason" />
    <property name="sun.boot.library.path" value="/System/Library/Java/JavaVirtualMachines/1.6.0.jdk/Contents/Libraries" />
    <property name="ant.project.default-target" value="all" />
    <property name="ant.project.name" value="lexer" />
    <property name="env.rvm_path" value="/Users/lgleason/.rvm" />
    <property name="java.version" value="1.6.0_33" />
    <property name="user.timezone" value="" />
    <property name="env._first" value="0" />
    <property name="sun.arch.data.model" value="64" />
    <property name="root.dir" value="/Users/lgleason" />
    <property name="test.src.dir" value="/Users/lgleason/IdeaProjects/lexer/src/test" />
    <property name="http.nonProxyHosts" value="local|*.local|169.254/16|*.169.254/16" />
    <property name="java.endorsed.dirs" value="/System/Library/Java/JavaVirtualMachines/1.6.0.jdk/Contents/Home/lib/endorsed" />
    <property name="sun.cpu.isalist" value="" />
    <property name="sun.jnu.encoding" value="MacRoman" />
    <property name="env.rvm_bin_path" value="/Users/lgleason/.rvm/bin" />
    <property name="file.encoding.pkg" value="sun.io" />
    <property name="env.SHLVL" value="1" />
    <property name="file.separator" value="/" />
    <property name="java.specification.name" value="Java Platform API Specification" />
    <property name="project.jdk.bin" value="/System/Library/Java/JavaVirtualMachines/1.6.0.jdk/Contents/Home/bin" />
    <property name="classes.dir" value="target/classes" />
    <property name="java.class.version" value="50.0" />
    <property name="user.country" value="US" />
    <property name="java.home" value="/System/Library/Java/JavaVirtualMachines/1.6.0.jdk/Contents/Home" />
    <property name="java.vm.info" value="mixed mode" />
    <property name="env.LOGNAME" value="lgleason" />
    <property name="ant.file" value="/Users/lgleason/IdeaProjects/lexer/lexer.xml" />
    <property name="os.version" value="10.7.4" />
    <property name="jdk.bin.1.6" value="/System/Library/Java/JavaVirtualMachines/1.6.0.jdk/Contents/Home/bin" />
    <property name="compiler.args.lexer" value="" />
    <property name="env.TERM_PROGRAM_VERSION" value="303.2" />
    <property name="path.separator" value=":" />
    <property name="java.vm.version" value="20.8-b03-424" />
    <property name="env._second" value="1" />
    <property name="ant.library.dir" value="/usr/share/ant/lib" />
    <property name="output.dir" value="output.dir" />
    <property name="java.awt.printerjob" value="apple.awt.CPrinterJob" />
    <property name="ant.file.type.lexer" value="file" />
    <property name="env.TERM" value="xterm-256color" />
    <property name="sun.io.unicode.encoding" value="UnicodeLittle" />
    <property name="awt.toolkit" value="apple.awt.CToolkit" />
    <property name="socksNonProxyHosts" value="local|*.local|169.254/16|*.169.254/16" />
    <property name="ftp.nonProxyHosts" value="local|*.local|169.254/16|*.169.254/16" />
    <property name="ant.file.lexer" value="/Users/lgleason/IdeaProjects/lexer/lexer.xml" />
    <property name="compiler.max.memory" value="128m" />
    <property name="user.home" value="/Users/lgleason" />
    <property name="java.specification.vendor" value="Sun Microsystems Inc." />
    <property name="module.jdk.classpath.lexer" value="jdk.classpath.1.6" />
    <property name="project.jdk.home" value="/System/Library/Java/JavaVirtualMachines/1.6.0.jdk/Contents/Home" />
    <property name="env.TERM_PROGRAM" value="Apple_Terminal" />
    <property name="test.dir" value="/Users/lgleason/IdeaProjects/lexer/src/test" />
    <property name="java.vendor.url" value="http://www.apple.com/" />
    <property name="test.javasrc.dir" value="/Users/lgleason/IdeaProjects/lexer/src/test/java" />
    <property name="java.library.path" value=".:/Library/Java/Extensions:/System/Library/Java/Extensions:/usr/lib/java" />
    <property name="java.vm.vendor" value="Apple Inc." />
    <property name="gopherProxySet" value="false" />
    <property name="jdk.home.1.6" value="/System/Library/Java/JavaVirtualMachines/1.6.0.jdk/Contents/Home" />
    <property name="java.runtime.name" value="Java(TM) SE Runtime Environment" />
    <property name="java.class.path" value="/Users/lgleason/Documents/groovy-2.0.2/lib/ant-1.8.4.jar:/Users/lgleason/Documents/groovy-2.0.2/lib/ant-antlr-1.8.4.jar:/Users/lgleason/Documents/groovy-2.0.2/lib/ant-junit-1.8.4.jar:/Users/lgleason/Documents/groovy-2.0.2/lib/ant-launcher-1.8.4.jar:/Users/lgleason/Documents/groovy-2.0.2/lib/antlr-2.7.7.jar:/Users/lgleason/Documents/groovy-2.0.2/lib/asm-4.0.jar:/Users/lgleason/Documents/groovy-2.0.2/lib/asm-analysis-4.0.jar:/Users/lgleason/Documents/groovy-2.0.2/lib/asm-commons-4.0.jar:/Users/lgleason/Documents/groovy-2.0.2/lib/asm-tree-4.0.jar:/Users/lgleason/Documents/groovy-2.0.2/lib/asm-util-4.0.jar:/Users/lgleason/Documents/groovy-2.0.2/lib/bsf-2.4.0.jar:/Users/lgleason/Documents/groovy-2.0.2/lib/commons-cli-1.2.jar:/Users/lgleason/Documents/groovy-2.0.2/lib/commons-logging-1.1.1.jar:/Users/lgleason/Documents/groovy-2.0.2/lib/gpars-1.0-beta-3.jar:/Users/lgleason/Documents/groovy-2.0.2/lib/groovy-2.0.2.jar:/Users/lgleason/Documents/groovy-2.0.2/lib/groovy-ant-2.0.2.jar:/Users/lgleason/Documents/groovy-2.0.2/lib/groovy-bsf-2.0.2.jar:/Users/lgleason/Documents/groovy-2.0.2/lib/groovy-console-2.0.2.jar:/Users/lgleason/Documents/groovy-2.0.2/lib/groovy-docgenerator-2.0.2.jar:/Users/lgleason/Documents/groovy-2.0.2/lib/groovy-groovydoc-2.0.2.jar:/Users/lgleason/Documents/groovy-2.0.2/lib/groovy-groovysh-2.0.2.jar:/Users/lgleason/Documents/groovy-2.0.2/lib/groovy-jmx-2.0.2.jar:/Users/lgleason/Documents/groovy-2.0.2/lib/groovy-json-2.0.2.jar:/Users/lgleason/Documents/groovy-2.0.2/lib/groovy-jsr223-2.0.2.jar:/Users/lgleason/Documents/groovy-2.0.2/lib/groovy-servlet-2.0.2.jar:/Users/lgleason/Documents/groovy-2.0.2/lib/groovy-sql-2.0.2.jar:/Users/lgleason/Documents/groovy-2.0.2/lib/groovy-swing-2.0.2.jar:/Users/lgleason/Documents/groovy-2.0.2/lib/groovy-templates-2.0.2.jar:/Users/lgleason/Documents/groovy-2.0.2/lib/groovy-test-2.0.2.jar:/Users/lgleason/Documents/groovy-2.0.2/lib/groovy-testng-2.0.2.jar:/Users/lgleason/Documents/groovy-2.0.2/lib/groovy-xml-2.0.2.jar:/Users/lgleason/Documents/groovy-2.0.2/lib/hamcrest-core-1.1.jar:/Users/lgleason/Documents/groovy-2.0.2/lib/ivy-2.2.0.jar:/Users/lgleason/Documents/groovy-2.0.2/lib/jansi-1.6.jar:/Users/lgleason/Documents/groovy-2.0.2/lib/jcommander-1.12.jar:/Users/lgleason/Documents/groovy-2.0.2/lib/jline-1.0.jar:/Users/lgleason/Documents/groovy-2.0.2/lib/jsp-api-2.0.jar:/Users/lgleason/Documents/groovy-2.0.2/lib/jsr166y-1.7.0.jar:/Users/lgleason/Documents/groovy-2.0.2/lib/junit-4.10.jar:/Users/lgleason/Documents/groovy-2.0.2/lib/qdox-1.12.jar:/Users/lgleason/Documents/groovy-2.0.2/lib/servlet-api-2.4.jar:/Users/lgleason/Documents/groovy-2.0.2/lib/testng-6.5.2.jar:/Users/lgleason/Documents/groovy-2.0.2/lib/xmlpull-1.1.3.1.jar:/Users/lgleason/Documents/groovy-2.0.2/lib/xstream-1.4.2.jar:/Users/lgleason/IdeaProjects/lexer/target/classes:/Users/lgleason/IdeaProjects/lexer/output.dir/test/build/classes:/usr/share/java/ant-1.8.2/lib/ant-launcher.jar:/usr/share/ant/lib/ant.jar:/usr/share/ant/lib/ant-junit.jar:/usr/share/ant/lib/ant-junit4.jar" />
    <property name="sun.java.command" value="org.apache.tools.ant.taskdefs.optional.junit.JUnitTestRunner LexerTest filtertrace=true haltOnError=false haltOnFailure=false formatter=org.apache.tools.ant.taskdefs.optional.junit.SummaryJUnitResultFormatter showoutput=false outputtoformatters=true logfailedtests=true logtestlistenerevents=false formatter=org.apache.tools.ant.taskdefs.optional.junit.XMLJUnitResultFormatter,/Users/lgleason/IdeaProjects/lexer/output.dir/test/reports/TEST-LexerTest.xml crashfile=/Users/lgleason/IdeaProjects/lexer/junitvmwatcher7830078345453105927.properties propsfile=/Users/lgleason/IdeaProjects/lexer/junit9051960657694945006.properties" />
    <property name="ant.version" value="Apache Ant(TM) version 1.8.2 compiled on June 3 2011" />
    <property name="env.TERM_SESSION_ID" value="26BC8299-EEE4-4801-BA7F-F90DC386E765" />
    <property name="env.com.apple.java.jvmMode" value="client" />
    <property name="test_input_argument" value="${env.test_input_argument}" />
    <property name="proj.dir" value="/Users/lgleason/IdeaProjects/lexer" />
    <property name="java.vm.specification.name" value="Java Virtual Machine Specification" />
    <property name="ant.file.type" value="file" />
    <property name="module.jdk.home.lexer" value="/System/Library/Java/JavaVirtualMachines/1.6.0.jdk/Contents/Home" />
    <property name="java.vm.specification.version" value="1.0" />
    <property name="sun.cpu.endian" value="little" />
    <property name="sun.os.patch.level" value="unknown" />
    <property name="env.HOME" value="/Users/lgleason" />
    <property name="ant.file.module_lexer" value="/Users/lgleason/IdeaProjects/lexer/module_lexer.xml" />
    <property name="java.io.tmpdir" value="/var/folders/gb/wh7g49sd1c54hdbcnz6w_b440000gn/T/" />
    <property name="ant.file.type.module_lexer" value="file" />
    <property name="java.vendor.url.bug" value="http://bugreport.apple.com/" />
    <property name="env.SSH_AUTH_SOCK" value="/tmp/launch-Gsplgr/Listeners" />
    <property name="env.COMMAND_MODE" value="unix2003" />
    <property name="mrj.build" value="11M3720" />
    <property name="java.awt.graphicsenv" value="apple.awt.CGraphicsEnvironment" />
    <property name="os.arch" value="x86_64" />
    <property name="javasrc.dir" value="/Users/lgleason/IdeaProjects/lexer/src/java" />
    <property name="env.__array_start" value="0" />
    <property name="compiler.generate.no.warnings" value="off" />
    <property name="java.ext.dirs" value="/Library/Java/Extensions:/System/Library/Java/Extensions:/System/Library/Java/JavaVirtualMachines/1.6.0.jdk/Contents/Home/lib/ext" />
    <property name="mrj.version" value="1070.1.6.0_33-424" />
    <property name="env.com.apple.java.jvmTask" value="CommandLine_Manual.java" />
    <property name="user.dir" value="/Users/lgleason/IdeaProjects/lexer" />
    <property name="line.separator" value="&#xa;" />
    <property name="java.vm.name" value="Java HotSpot(TM) 64-Bit Server VM" />
    <property name="basedir" value="/Users/lgleason/IdeaProjects/lexer" />
    <property name="ant.java.version" value="1.6" />
    <property name="ant.core.lib" value="/usr/share/ant/lib/ant.jar" />
    <property name="file.encoding" value="MacRoman" />
    <property name="java.specification.version" value="1.6" />
    <property name="env.JAVA_MAIN_CLASS_87698" value="org.apache.tools.ant.launch.Launcher" />
    <property name="src.dir" value="/Users/lgleason/IdeaProjects/lexer/src" />
    <property name="ant.project.invoked-targets" value="test" />
  </properties>
  <testcase classname="LexerTest" name="testTokenizer" time="0.124" />
  <system-out><![CDATA[]]></system-out>
  <system-err><![CDATA[]]></system-err>
</testsuite>
